
> vibe-generated-app@1.0.0 dev
> vite


  VITE v5.4.20  ready in 261 ms

  ➜  Local:   http://localhost:3000/
  ➜  Network: http://172.20.22.254:3000/
1:20:28 PM [vite] Pre-transform error: Transform failed with 1 error:
/home/workspace/src/components/Hero.jsx:95:10: ERROR: Expected "}" but found "{"
1:20:30 PM [vite] Internal server error: Transform failed with 1 error:
/home/workspace/src/components/Hero.jsx:95:10: ERROR: Expected "}" but found "{"
  Plugin: vite:esbuild
  File: /home/workspace/src/components/Hero.jsx:95:10
  
  Expected "}" but found "{"
  93 |              style={{ maskImage: 'radial-gradient(circle at center, black, transparent 70%)' }}
  94 |            />
  95 |            {/* Subtle gradient overlay to blend */}
     |            ^
  96 |            <div className="pointer-events-none absolute inset-0 bg-gradient-to-t from-slate-950 via-transparent to-transparent" />
  97 |          </motion.div>
  
      at failureErrorWithLog (/home/workspace/node_modules/esbuild/lib/main.js:1472:15)
      at /home/workspace/node_modules/esbuild/lib/main.js:755:50
      at responseCallbacks.<computed> (/home/workspace/node_modules/esbuild/lib/main.js:622:9)
      at handleIncomingPacket (/home/workspace/node_modules/esbuild/lib/main.js:677:12)
      at Socket.readFromStdout (/home/workspace/node_modules/esbuild/lib/main.js:600:7)
      at Socket.emit (node:events:508:28)
      at addChunk (node:internal/streams/readable:559:12)
      at readableAddChunkPushByteMode (node:internal/streams/readable:510:3)
      at Readable.push (node:internal/streams/readable:390:5)
      at Pipe.onStreamRead (node:internal/stream_base_commons:189:23)
1:20:49 PM [vite] Internal server error: Transform failed with 1 error:
/home/workspace/src/components/Hero.jsx:95:10: ERROR: Expected "}" but found "{"
  Plugin: vite:esbuild
  File: /home/workspace/src/components/Hero.jsx:95:10
  
  Expected "}" but found "{"
  93 |              style={{ maskImage: 'radial-gradient(circle at center, black, transparent 70%)' }}
  94 |            />
  95 |            {/* Subtle gradient overlay to blend */}
     |            ^
  96 |            <div className="pointer-events-none absolute inset-0 bg-gradient-to-t from-slate-950 via-transparent to-transparent" />
  97 |          </motion.div>
  
      at failureErrorWithLog (/home/workspace/node_modules/esbuild/lib/main.js:1472:15)
      at /home/workspace/node_modules/esbuild/lib/main.js:755:50
      at responseCallbacks.<computed> (/home/workspace/node_modules/esbuild/lib/main.js:622:9)
      at handleIncomingPacket (/home/workspace/node_modules/esbuild/lib/main.js:677:12)
      at Socket.readFromStdout (/home/workspace/node_modules/esbuild/lib/main.js:600:7)
      at Socket.emit (node:events:508:28)
      at addChunk (node:internal/streams/readable:559:12)
      at readableAddChunkPushByteMode (node:internal/streams/readable:510:3)
      at Readable.push (node:internal/streams/readable:390:5)
      at Pipe.onStreamRead (node:internal/stream_base_commons:189:23)
